<?xml version="1.0" encoding="UTF-8"?>
<!-- Generated by org.testng.reporters.JUnitReportReporter -->
<testsuite skipped="0" hostname="DESKTOP-0JP1GH8" name="com.AssKiemThuNC.TestGoogle" tests="1" failures="0" timestamp="2020-10-19T03:09:24 ICT" time="8.304" errors="0">
  <testcase name="testGoogle" time="8.304" classname="com.AssKiemThuNC.TestGoogle"/>
  <system-out/>
</testsuite> <!-- com.AssKiemThuNC.TestGoogle -->
