<?xml version="1.0" encoding="UTF-8"?>
<!-- Generated by org.testng.reporters.JUnitReportReporter -->
<testsuite skipped="0" hostname="DESKTOP-0JP1GH8" name="com.AssKiemThuNC.TestDK" tests="5" failures="0" timestamp="2020-10-21T06:48:36 ICT" time="66.611" errors="0">
  <testcase name="test4" time="13.150" classname="com.AssKiemThuNC.TestDK"/>
  <system-out/>
  <testcase name="test1" time="13.815" classname="com.AssKiemThuNC.TestDK"/>
  <system-out/>
  <testcase name="test3" time="13.065" classname="com.AssKiemThuNC.TestDK"/>
  <system-out/>
  <testcase name="test5" time="13.233" classname="com.AssKiemThuNC.TestDK"/>
  <system-out/>
  <testcase name="test2" time="13.348" classname="com.AssKiemThuNC.TestDK"/>
  <system-out/>
</testsuite> <!-- com.AssKiemThuNC.TestDK -->
